<?xml version="1.0" encoding="UTF-8"?>
<!-- Generated by org.testng.reporters.JUnitXMLReporter -->
<testsuite hostname="HP" ignored="0" name="Surefire test" tests="2" failures="1" timestamp="2020-05-25T00:38:21 IST" time="59.665" errors="0">
  <testcase name="loginTest" time="19.312" classname="com.actitime.testscripts.LoginTest"/>
  <testcase name="verifyTitle" time="4.965" classname="com.actitime.testscripts.VerifyHomeTitleTest">
    <failure type="java.lang.AssertionError" message="expected [true] but found [false]">
      <![CDATA[java.lang.AssertionError: expected [true] but found [false]
at com.actitime.testscripts.VerifyHomeTitleTest.verifyTitle(VerifyHomeTitleTest.java:29)
at java.util.ArrayList.forEach(ArrayList.java:1257)
... Removed 36 stack frames]]>
    </failure>
  </testcase> <!-- verifyTitle -->
</testsuite> <!-- Surefire test -->
