-------------------------------------------------------------------------------
Test set: TestSuite
-------------------------------------------------------------------------------
Tests run: 2, Failures: 1, Errors: 0, Skipped: 0, Time elapsed: 62.834 s <<< FAILURE! - in TestSuite
com.actitime.testscripts.VerifyHomeTitleTest.verifyTitle  Time elapsed: 5.107 s  <<< FAILURE!
java.lang.AssertionError: expected [true] but found [false]
	at com.actitime.testscripts.VerifyHomeTitleTest.verifyTitle(VerifyHomeTitleTest.java:29)

