<?xml version="1.0" encoding="UTF-8"?>
<testng-results skipped="0" failed="0" ignored="0" total="1" passed="1">
  <reporter-output>
  </reporter-output>
  <suite name="Suite" duration-ms="44681" started-at="2020-09-23T11:27:35Z" finished-at="2020-09-23T11:28:19Z">
    <groups>
    </groups>
    <test name="Test" duration-ms="44681" started-at="2020-09-23T11:27:35Z" finished-at="2020-09-23T11:28:19Z">
      <class name="com.actitime.testscripts.LoginTest">
        <test-method status="PASS" signature="classsetup()[pri:0, instance:com.actitime.testscripts.LoginTest@e25b2fe]" name="classsetup" is-config="true" duration-ms="31977" started-at="2020-09-23T11:27:35Z" finished-at="2020-09-23T11:28:07Z">
          <reporter-output>
          </reporter-output>
        </test-method> <!-- classsetup -->
        <test-method status="PASS" signature="loginTest()[pri:0, instance:com.actitime.testscripts.LoginTest@e25b2fe]" name="loginTest" duration-ms="12053" started-at="2020-09-23T11:28:07Z" finished-at="2020-09-23T11:28:19Z">
          <reporter-output>
          </reporter-output>
        </test-method> <!-- loginTest -->
        <test-method status="PASS" signature="classteardown()[pri:0, instance:com.actitime.testscripts.LoginTest@e25b2fe]" name="classteardown" is-config="true" duration-ms="593" started-at="2020-09-23T11:28:19Z" finished-at="2020-09-23T11:28:19Z">
          <reporter-output>
          </reporter-output>
        </test-method> <!-- classteardown -->
      </class> <!-- com.actitime.testscripts.LoginTest -->
    </test> <!-- Test -->
  </suite> <!-- Suite -->
</testng-results>
